23.08.2024 16:42:43 ::INFO:: Функция get_all_pictures производит запрос к БД с целью извлечения данных.

23.08.2024 16:42:43 ::INFO:: Запрос к БД произведен успешно

23.08.2024 16:42:43 ::INFO:: Функция get_empty_picture производит запрос к БД с целью извлечения данных.

23.08.2024 16:42:43 ::INFO:: Запрос к БД произведен успешно

23.08.2024 16:42:43 ::INFO:: Запрос на URL "/static/scripts/manage.js".

23.08.2024 16:42:43 ::INFO:: Запрос на URL "/".

23.08.2024 16:42:43 ::INFO:: Функция get_all_pictures производит запрос к БД с целью извлечения данных.

23.08.2024 16:42:43 ::INFO:: Запрос к БД произведен успешно

23.08.2024 16:42:43 ::INFO:: Функция get_empty_picture производит запрос к БД с целью извлечения данных.

23.08.2024 16:42:43 ::INFO:: Запрос к БД произведен успешно

23.08.2024 16:43:09 ::INFO:: Запрос на URL "/predict" с передаваемыми данными b'{"up":[0,0,0,0,0,0,0,0,0,0,0,0,0,0,0],"down":[0,0,0,0,0,0,0,0,0,0,0,0,0,0,0]}'.

23.08.2024 16:43:09 ::INFO:: Функция get_ml_learned производит запрос к БД с целью извлечения данных.
В функцию переданы аргументы ('RandomForestClassifier',) {}.

23.08.2024 16:43:09 ::INFO:: Запрос к БД произведен успешно

23.08.2024 16:43:09 ::INFO:: Функция get_ml_learned производит запрос к БД с целью извлечения данных.
В функцию переданы аргументы ('DecisionTreeClassifier',) {}.

23.08.2024 16:43:09 ::INFO:: Запрос к БД произведен успешно

23.08.2024 16:43:09 ::INFO:: Функция get_img_bytes производит запрос к БД с целью извлечения данных.
В функцию переданы аргументы (0, 0) {}.

23.08.2024 16:43:09 ::INFO:: Запрос к БД произведен успешно

23.08.2024 16:43:26 ::INFO:: Запрос на URL "/".

23.08.2024 16:43:26 ::INFO:: Функция get_all_pictures производит запрос к БД с целью извлечения данных.

23.08.2024 16:43:26 ::INFO:: Запрос к БД произведен успешно

23.08.2024 16:43:26 ::INFO:: Функция get_empty_picture производит запрос к БД с целью извлечения данных.

23.08.2024 16:43:26 ::INFO:: Запрос к БД произведен успешно

23.08.2024 16:43:26 ::INFO:: Запрос на URL "/static/scripts/manage.js".

23.08.2024 16:43:26 ::INFO:: Запрос на URL "/".

23.08.2024 16:43:26 ::INFO:: Функция get_all_pictures производит запрос к БД с целью извлечения данных.

23.08.2024 16:43:26 ::INFO:: Запрос к БД произведен успешно

23.08.2024 16:43:26 ::INFO:: Функция get_empty_picture производит запрос к БД с целью извлечения данных.

23.08.2024 16:43:26 ::INFO:: Запрос к БД произведен успешно

23.08.2024 16:43:58 ::INFO:: Запрос на URL "/predict" с передаваемыми данными b'{"up":[0,0,0,0,0,0,0,0,0,0,0,0,0,0,0,0,0],"down":[0,0,0,0,0,0,0,0,0,0,0,0,0,0,0,0,0]}'.

23.08.2024 16:43:58 ::INFO:: Функция get_ml_learned производит запрос к БД с целью извлечения данных.
В функцию переданы аргументы ('RandomForestClassifier',) {}.

23.08.2024 16:43:58 ::INFO:: Запрос к БД произведен успешно

23.08.2024 16:43:58 ::INFO:: Функция get_ml_learned производит запрос к БД с целью извлечения данных.
В функцию переданы аргументы ('DecisionTreeClassifier',) {}.

23.08.2024 16:43:58 ::INFO:: Запрос к БД произведен успешно

23.08.2024 16:43:58 ::INFO:: Функция get_img_bytes производит запрос к БД с целью извлечения данных.
В функцию переданы аргументы (0, 0) {}.

23.08.2024 16:43:58 ::INFO:: Запрос к БД произведен успешно

23.08.2024 16:44:02 ::INFO:: Запрос на URL "/".

23.08.2024 16:44:02 ::INFO:: Функция get_all_pictures производит запрос к БД с целью извлечения данных.

23.08.2024 16:44:02 ::INFO:: Запрос к БД произведен успешно

23.08.2024 16:44:02 ::INFO:: Функция get_empty_picture производит запрос к БД с целью извлечения данных.

23.08.2024 16:44:02 ::INFO:: Запрос к БД произведен успешно

23.08.2024 16:44:02 ::INFO:: Запрос на URL "/static/scripts/manage.js".

23.08.2024 16:44:02 ::INFO:: Запрос на URL "/".

23.08.2024 16:44:02 ::INFO:: Функция get_all_pictures производит запрос к БД с целью извлечения данных.

23.08.2024 16:44:02 ::INFO:: Запрос к БД произведен успешно

23.08.2024 16:44:02 ::INFO:: Функция get_empty_picture производит запрос к БД с целью извлечения данных.

23.08.2024 16:44:02 ::INFO:: Запрос к БД произведен успешно

23.08.2024 16:44:33 ::INFO:: Запрос на URL "/predict" с передаваемыми данными b'{"up":[0,0,0,0,0,0,0,0,0,0,0,0,0,0,0,0],"down":[0,0,0,0,0,0,0,0,0,0,0,0,0,0,0,0]}'.

23.08.2024 16:44:33 ::INFO:: Функция get_ml_learned производит запрос к БД с целью извлечения данных.
В функцию переданы аргументы ('RandomForestClassifier',) {}.

23.08.2024 16:44:33 ::INFO:: Запрос к БД произведен успешно

23.08.2024 16:44:33 ::INFO:: Функция get_ml_learned производит запрос к БД с целью извлечения данных.
В функцию переданы аргументы ('DecisionTreeClassifier',) {}.

23.08.2024 16:44:33 ::INFO:: Запрос к БД произведен успешно

23.08.2024 16:44:33 ::INFO:: Функция get_img_bytes производит запрос к БД с целью извлечения данных.
В функцию переданы аргументы (0, 0) {}.

23.08.2024 16:44:33 ::INFO:: Запрос к БД произведен успешно

23.08.2024 16:44:37 ::INFO:: Запрос на URL "/".

23.08.2024 16:44:37 ::INFO:: Функция get_all_pictures производит запрос к БД с целью извлечения данных.

23.08.2024 16:44:37 ::INFO:: Запрос к БД произведен успешно

23.08.2024 16:44:37 ::INFO:: Функция get_empty_picture производит запрос к БД с целью извлечения данных.

23.08.2024 16:44:37 ::INFO:: Запрос к БД произведен успешно

23.08.2024 16:44:37 ::INFO:: Запрос на URL "/static/scripts/manage.js".

23.08.2024 16:44:37 ::INFO:: Запрос на URL "/".

23.08.2024 16:44:37 ::INFO:: Функция get_all_pictures производит запрос к БД с целью извлечения данных.

23.08.2024 16:44:37 ::INFO:: Запрос к БД произведен успешно

23.08.2024 16:44:37 ::INFO:: Функция get_empty_picture производит запрос к БД с целью извлечения данных.

23.08.2024 16:44:37 ::INFO:: Запрос к БД произведен успешно

23.08.2024 16:45:16 ::INFO:: Запрос на URL "/".

23.08.2024 16:45:16 ::INFO:: Функция get_all_pictures производит запрос к БД с целью извлечения данных.

23.08.2024 16:45:16 ::INFO:: Запрос к БД произведен успешно

23.08.2024 16:45:16 ::INFO:: Функция get_empty_picture производит запрос к БД с целью извлечения данных.

23.08.2024 16:45:16 ::INFO:: Запрос к БД произведен успешно

23.08.2024 16:45:16 ::INFO:: Запрос на URL "/static/scripts/manage.js".

23.08.2024 16:45:16 ::INFO:: Запрос на URL "/".

23.08.2024 16:45:16 ::INFO:: Функция get_all_pictures производит запрос к БД с целью извлечения данных.

23.08.2024 16:45:16 ::INFO:: Запрос к БД произведен успешно

23.08.2024 16:45:16 ::INFO:: Функция get_empty_picture производит запрос к БД с целью извлечения данных.

23.08.2024 16:45:16 ::INFO:: Запрос к БД произведен успешно

23.08.2024 16:45:48 ::INFO:: Запрос на URL "/predict" с передаваемыми данными b'{"up":[1,1,1,1,1,1,1,1,1,1,1,1,1,1,1],"down":[3,3,3,3,3,3,3,3,3,3,3,3,3,3,3]}'.

23.08.2024 16:45:48 ::INFO:: Функция get_ml_learned производит запрос к БД с целью извлечения данных.
В функцию переданы аргументы ('RandomForestClassifier',) {}.

23.08.2024 16:45:48 ::INFO:: Запрос к БД произведен успешно

23.08.2024 16:45:48 ::INFO:: Функция get_ml_learned производит запрос к БД с целью извлечения данных.
В функцию переданы аргументы ('DecisionTreeClassifier',) {}.

23.08.2024 16:45:48 ::INFO:: Запрос к БД произведен успешно

23.08.2024 16:45:48 ::INFO:: Функция get_img_bytes производит запрос к БД с целью извлечения данных.
В функцию переданы аргументы (1, 3) {}.

23.08.2024 16:45:48 ::INFO:: Запрос к БД произведен успешно

23.08.2024 16:46:22 ::INFO:: Запрос на URL "/".

23.08.2024 16:46:22 ::INFO:: Функция get_all_pictures производит запрос к БД с целью извлечения данных.

23.08.2024 16:46:22 ::INFO:: Запрос к БД произведен успешно

23.08.2024 16:46:22 ::INFO:: Функция get_empty_picture производит запрос к БД с целью извлечения данных.

23.08.2024 16:46:22 ::INFO:: Запрос к БД произведен успешно

23.08.2024 16:46:22 ::INFO:: Запрос на URL "/static/scripts/events.js".

23.08.2024 16:46:22 ::INFO:: Запрос на URL "/static/scripts/manage.js".

23.08.2024 16:46:22 ::INFO:: Запрос на URL "/".

23.08.2024 16:46:22 ::INFO:: Функция get_all_pictures производит запрос к БД с целью извлечения данных.

23.08.2024 16:46:22 ::INFO:: Запрос к БД произведен успешно

23.08.2024 16:46:22 ::INFO:: Функция get_empty_picture производит запрос к БД с целью извлечения данных.

23.08.2024 16:46:22 ::INFO:: Запрос к БД произведен успешно

23.08.2024 16:46:50 ::INFO:: Запрос на URL "/predict" с передаваемыми данными b'{"up":[1,1,1,1,1,1,1,1,1,1,1,1,1,1,1],"down":[0,0,0,0,0,0,0,0,0,0,0,0,0,0,0]}'.

23.08.2024 16:46:50 ::INFO:: Функция get_ml_learned производит запрос к БД с целью извлечения данных.
В функцию переданы аргументы ('RandomForestClassifier',) {}.

23.08.2024 16:46:50 ::INFO:: Запрос к БД произведен успешно

23.08.2024 16:46:50 ::INFO:: Функция get_ml_learned производит запрос к БД с целью извлечения данных.
В функцию переданы аргументы ('DecisionTreeClassifier',) {}.

23.08.2024 16:46:50 ::INFO:: Запрос к БД произведен успешно

23.08.2024 16:46:50 ::INFO:: Функция get_img_bytes производит запрос к БД с целью извлечения данных.
В функцию переданы аргументы (1, 0) {}.

23.08.2024 16:46:50 ::INFO:: Запрос к БД произведен успешно

23.08.2024 16:46:59 ::INFO:: Запрос на URL "/".

23.08.2024 16:46:59 ::INFO:: Функция get_all_pictures производит запрос к БД с целью извлечения данных.

23.08.2024 16:46:59 ::INFO:: Запрос к БД произведен успешно

23.08.2024 16:46:59 ::INFO:: Функция get_empty_picture производит запрос к БД с целью извлечения данных.

23.08.2024 16:46:59 ::INFO:: Запрос к БД произведен успешно

23.08.2024 16:46:59 ::INFO:: Запрос на URL "/static/scripts/manage.js".

23.08.2024 16:46:59 ::INFO:: Запрос на URL "/".

23.08.2024 16:46:59 ::INFO:: Функция get_all_pictures производит запрос к БД с целью извлечения данных.

23.08.2024 16:46:59 ::INFO:: Запрос к БД произведен успешно

23.08.2024 16:46:59 ::INFO:: Функция get_empty_picture производит запрос к БД с целью извлечения данных.

23.08.2024 16:46:59 ::INFO:: Запрос к БД произведен успешно

23.08.2024 16:47:24 ::INFO:: Запрос на URL "/predict" с передаваемыми данными b'{"up":[1,1,1,1,1,1,1,1,1,1,1,1,1,1,1],"down":[5,5,5,5,5,5,5,5,5,5,5,5,5,5,5]}'.

23.08.2024 16:47:24 ::INFO:: Функция get_ml_learned производит запрос к БД с целью извлечения данных.
В функцию переданы аргументы ('RandomForestClassifier',) {}.

23.08.2024 16:47:24 ::INFO:: Запрос к БД произведен успешно

23.08.2024 16:47:25 ::INFO:: Функция get_ml_learned производит запрос к БД с целью извлечения данных.
В функцию переданы аргументы ('DecisionTreeClassifier',) {}.

23.08.2024 16:47:25 ::INFO:: Запрос к БД произведен успешно

23.08.2024 16:47:25 ::INFO:: Функция get_img_bytes производит запрос к БД с целью извлечения данных.
В функцию переданы аргументы (1, 5) {}.

23.08.2024 16:47:25 ::INFO:: Запрос к БД произведен успешно

23.08.2024 16:48:45 ::INFO:: Запрос на URL "/".

23.08.2024 16:48:45 ::INFO:: Функция get_all_pictures производит запрос к БД с целью извлечения данных.

23.08.2024 16:48:45 ::INFO:: Запрос к БД произведен успешно

23.08.2024 16:48:45 ::INFO:: Функция get_empty_picture производит запрос к БД с целью извлечения данных.

23.08.2024 16:48:45 ::INFO:: Запрос к БД произведен успешно

23.08.2024 16:48:45 ::INFO:: Запрос на URL "/static/scripts/manage.js".

23.08.2024 16:48:45 ::INFO:: Запрос на URL "/".

23.08.2024 16:48:45 ::INFO:: Функция get_all_pictures производит запрос к БД с целью извлечения данных.

23.08.2024 16:48:45 ::INFO:: Запрос к БД произведен успешно

23.08.2024 16:48:45 ::INFO:: Функция get_empty_picture производит запрос к БД с целью извлечения данных.

23.08.2024 16:48:45 ::INFO:: Запрос к БД произведен успешно

23.08.2024 16:48:56 ::INFO:: Запрос на URL "/predict" с передаваемыми данными b'{"up":[0,0,0,0,0,0,0],"down":[0,0,0,0,0,0,0]}'.

23.08.2024 16:48:56 ::INFO:: Функция get_ml_learned производит запрос к БД с целью извлечения данных.
В функцию переданы аргументы ('RandomForestClassifier',) {}.

23.08.2024 16:48:56 ::INFO:: Запрос к БД произведен успешно

23.08.2024 16:48:56 ::INFO:: Функция get_ml_learned производит запрос к БД с целью извлечения данных.
В функцию переданы аргументы ('DecisionTreeClassifier',) {}.

23.08.2024 16:48:56 ::INFO:: Запрос к БД произведен успешно

23.08.2024 16:48:56 ::INFO:: Функция get_img_bytes производит запрос к БД с целью извлечения данных.
В функцию переданы аргументы (0, 0) {}.

23.08.2024 16:48:56 ::INFO:: Запрос к БД произведен успешно

23.08.2024 16:49:07 ::INFO:: Запрос на URL "/".

23.08.2024 16:49:07 ::INFO:: Функция get_all_pictures производит запрос к БД с целью извлечения данных.

23.08.2024 16:49:07 ::INFO:: Запрос к БД произведен успешно

23.08.2024 16:49:07 ::INFO:: Функция get_empty_picture производит запрос к БД с целью извлечения данных.

23.08.2024 16:49:07 ::INFO:: Запрос к БД произведен успешно

23.08.2024 16:49:07 ::INFO:: Запрос на URL "/static/scripts/manage.js".

23.08.2024 16:49:07 ::INFO:: Запрос на URL "/".

23.08.2024 16:49:07 ::INFO:: Функция get_all_pictures производит запрос к БД с целью извлечения данных.

23.08.2024 16:49:07 ::INFO:: Запрос к БД произведен успешно

23.08.2024 16:49:07 ::INFO:: Функция get_empty_picture производит запрос к БД с целью извлечения данных.

23.08.2024 16:49:07 ::INFO:: Запрос к БД произведен успешно

23.08.2024 16:49:22 ::INFO:: Запрос на URL "/ordered_check" с передаваемыми данными b'{"up":[0,0,0,0,0,0,0,0,0],"down":[5,5,5,5,5,5,5,5,5]}'.

23.08.2024 16:49:22 ::INFO:: Функция get_ml_learned производит запрос к БД с целью извлечения данных.
В функцию переданы аргументы ('RandomForestClassifier',) {}.

23.08.2024 16:49:22 ::INFO:: Запрос к БД произведен успешно

23.08.2024 16:49:22 ::INFO:: Функция get_ml_learned производит запрос к БД с целью извлечения данных.
В функцию переданы аргументы ('DecisionTreeClassifier',) {}.

23.08.2024 16:49:22 ::INFO:: Запрос к БД произведен успешно

23.08.2024 16:49:35 ::INFO:: Запрос на URL "/".

23.08.2024 16:49:35 ::INFO:: Функция get_all_pictures производит запрос к БД с целью извлечения данных.

23.08.2024 16:49:35 ::INFO:: Запрос к БД произведен успешно

23.08.2024 16:49:35 ::INFO:: Функция get_empty_picture производит запрос к БД с целью извлечения данных.

23.08.2024 16:49:35 ::INFO:: Запрос к БД произведен успешно

23.08.2024 16:49:35 ::INFO:: Запрос на URL "/static/scripts/manage.js".

23.08.2024 16:49:35 ::INFO:: Запрос на URL "/".

23.08.2024 16:49:35 ::INFO:: Функция get_all_pictures производит запрос к БД с целью извлечения данных.

23.08.2024 16:49:35 ::INFO:: Запрос к БД произведен успешно

23.08.2024 16:49:35 ::INFO:: Функция get_empty_picture производит запрос к БД с целью извлечения данных.

23.08.2024 16:49:35 ::INFO:: Запрос к БД произведен успешно

23.08.2024 16:49:59 ::INFO:: Запрос на URL "/".

23.08.2024 16:49:59 ::INFO:: Функция get_all_pictures производит запрос к БД с целью извлечения данных.

23.08.2024 16:50:00 ::INFO:: Запрос к БД произведен успешно

23.08.2024 16:50:00 ::INFO:: Функция get_empty_picture производит запрос к БД с целью извлечения данных.

23.08.2024 16:50:00 ::INFO:: Запрос к БД произведен успешно

23.08.2024 16:50:00 ::INFO:: Запрос на URL "/static/scripts/manage.js".

23.08.2024 16:50:00 ::INFO:: Запрос на URL "/".

23.08.2024 16:50:00 ::INFO:: Функция get_all_pictures производит запрос к БД с целью извлечения данных.

23.08.2024 16:50:00 ::INFO:: Запрос к БД произведен успешно

23.08.2024 16:50:00 ::INFO:: Функция get_empty_picture производит запрос к БД с целью извлечения данных.

23.08.2024 16:50:00 ::INFO:: Запрос к БД произведен успешно

23.08.2024 16:50:17 ::INFO:: Запрос на URL "/".

23.08.2024 16:50:17 ::INFO:: Функция get_all_pictures производит запрос к БД с целью извлечения данных.

23.08.2024 16:50:17 ::INFO:: Запрос к БД произведен успешно

23.08.2024 16:50:17 ::INFO:: Функция get_empty_picture производит запрос к БД с целью извлечения данных.

23.08.2024 16:50:17 ::INFO:: Запрос к БД произведен успешно

23.08.2024 16:50:17 ::INFO:: Запрос на URL "/static/scripts/manage.js".

23.08.2024 16:50:17 ::INFO:: Запрос на URL "/".

23.08.2024 16:50:17 ::INFO:: Функция get_all_pictures производит запрос к БД с целью извлечения данных.

23.08.2024 16:50:17 ::INFO:: Запрос к БД произведен успешно

23.08.2024 16:50:17 ::INFO:: Функция get_empty_picture производит запрос к БД с целью извлечения данных.

23.08.2024 16:50:17 ::INFO:: Запрос к БД произведен успешно

23.08.2024 16:50:36 ::INFO:: Запрос на URL "/predict" с передаваемыми данными b'{"up":[1,1,1,1,1,1,1,1,1,1,1],"down":[0,0,0,0,0,0,0,0,0,0,0]}'.

23.08.2024 16:50:36 ::INFO:: Функция get_ml_learned производит запрос к БД с целью извлечения данных.
В функцию переданы аргументы ('RandomForestClassifier',) {}.

23.08.2024 16:50:36 ::INFO:: Запрос к БД произведен успешно

23.08.2024 16:50:36 ::INFO:: Функция get_ml_learned производит запрос к БД с целью извлечения данных.
В функцию переданы аргументы ('DecisionTreeClassifier',) {}.

23.08.2024 16:50:36 ::INFO:: Запрос к БД произведен успешно

23.08.2024 16:50:36 ::INFO:: Функция get_img_bytes производит запрос к БД с целью извлечения данных.
В функцию переданы аргументы (1, 0) {}.

23.08.2024 16:50:36 ::INFO:: Запрос к БД произведен успешно

23.08.2024 16:50:38 ::INFO:: Запрос на URL "/".

23.08.2024 16:50:38 ::INFO:: Функция get_all_pictures производит запрос к БД с целью извлечения данных.

23.08.2024 16:50:38 ::INFO:: Запрос к БД произведен успешно

23.08.2024 16:50:38 ::INFO:: Функция get_empty_picture производит запрос к БД с целью извлечения данных.

23.08.2024 16:50:38 ::INFO:: Запрос к БД произведен успешно

23.08.2024 16:50:38 ::INFO:: Запрос на URL "/static/scripts/manage.js".

23.08.2024 16:50:38 ::INFO:: Запрос на URL "/".

23.08.2024 16:50:38 ::INFO:: Функция get_all_pictures производит запрос к БД с целью извлечения данных.

23.08.2024 16:50:38 ::INFO:: Запрос к БД произведен успешно

23.08.2024 16:50:38 ::INFO:: Функция get_empty_picture производит запрос к БД с целью извлечения данных.

23.08.2024 16:50:38 ::INFO:: Запрос к БД произведен успешно

23.08.2024 16:51:10 ::INFO:: Запрос на URL "/static/scripts/bootstrap.js.map".

23.08.2024 16:51:10 ::INFO:: Запрос на URL "/static/scripts/bootstrap.bundle.js.map".

23.08.2024 16:53:25 ::INFO:: Запрос на URL "/".

23.08.2024 16:53:25 ::INFO:: Функция get_all_pictures производит запрос к БД с целью извлечения данных.

23.08.2024 16:53:25 ::INFO:: Запрос к БД произведен успешно

23.08.2024 16:53:25 ::INFO:: Функция get_empty_picture производит запрос к БД с целью извлечения данных.

23.08.2024 16:53:25 ::INFO:: Запрос к БД произведен успешно

23.08.2024 16:53:25 ::INFO:: Запрос на URL "/static/scripts/events.js".

23.08.2024 16:53:25 ::INFO:: Запрос на URL "/static/scripts/manage.js".

23.08.2024 16:53:25 ::INFO:: Запрос на URL "/".

23.08.2024 16:53:25 ::INFO:: Функция get_all_pictures производит запрос к БД с целью извлечения данных.

23.08.2024 16:53:25 ::INFO:: Запрос к БД произведен успешно

23.08.2024 16:53:25 ::INFO:: Функция get_empty_picture производит запрос к БД с целью извлечения данных.

23.08.2024 16:53:25 ::INFO:: Запрос к БД произведен успешно

23.08.2024 16:53:58 ::INFO:: Запрос на URL "/".

23.08.2024 16:53:58 ::INFO:: Функция get_all_pictures производит запрос к БД с целью извлечения данных.

23.08.2024 16:53:58 ::INFO:: Запрос к БД произведен успешно

23.08.2024 16:53:58 ::INFO:: Функция get_empty_picture производит запрос к БД с целью извлечения данных.

23.08.2024 16:53:58 ::INFO:: Запрос к БД произведен успешно

23.08.2024 16:53:58 ::INFO:: Запрос на URL "/static/scripts/manage.js".

23.08.2024 16:53:58 ::INFO:: Запрос на URL "/".

23.08.2024 16:53:58 ::INFO:: Функция get_all_pictures производит запрос к БД с целью извлечения данных.

23.08.2024 16:53:58 ::INFO:: Запрос к БД произведен успешно

23.08.2024 16:53:58 ::INFO:: Функция get_empty_picture производит запрос к БД с целью извлечения данных.

23.08.2024 16:53:58 ::INFO:: Запрос к БД произведен успешно

23.08.2024 16:54:33 ::INFO:: Запрос на URL "/".

23.08.2024 16:54:33 ::INFO:: Функция get_all_pictures производит запрос к БД с целью извлечения данных.

23.08.2024 16:54:33 ::INFO:: Запрос к БД произведен успешно

23.08.2024 16:54:33 ::INFO:: Функция get_empty_picture производит запрос к БД с целью извлечения данных.

23.08.2024 16:54:33 ::INFO:: Запрос к БД произведен успешно

23.08.2024 16:54:33 ::INFO:: Запрос на URL "/static/scripts/manage.js".

23.08.2024 16:54:33 ::INFO:: Запрос на URL "/".

23.08.2024 16:54:33 ::INFO:: Функция get_all_pictures производит запрос к БД с целью извлечения данных.

23.08.2024 16:54:33 ::INFO:: Запрос к БД произведен успешно

23.08.2024 16:54:33 ::INFO:: Функция get_empty_picture производит запрос к БД с целью извлечения данных.

23.08.2024 16:54:33 ::INFO:: Запрос к БД произведен успешно

23.08.2024 16:54:54 ::INFO:: Запрос на URL "/predict" с передаваемыми данными b'{"up":[0,0,0,0,0,0,0,0,0,0,0,0],"down":[4,4,4,4,4,4,4,4,4,4,4,4]}'.

23.08.2024 16:54:54 ::INFO:: Функция get_ml_learned производит запрос к БД с целью извлечения данных.
В функцию переданы аргументы ('RandomForestClassifier',) {}.

23.08.2024 16:54:54 ::INFO:: Запрос к БД произведен успешно

23.08.2024 16:54:54 ::INFO:: Функция get_ml_learned производит запрос к БД с целью извлечения данных.
В функцию переданы аргументы ('DecisionTreeClassifier',) {}.

23.08.2024 16:54:54 ::INFO:: Запрос к БД произведен успешно

23.08.2024 16:54:54 ::INFO:: Функция get_img_bytes производит запрос к БД с целью извлечения данных.
В функцию переданы аргументы (0, 4) {}.

23.08.2024 16:54:54 ::INFO:: Запрос к БД произведен успешно

23.08.2024 16:55:06 ::INFO:: Запрос на URL "/".

23.08.2024 16:55:06 ::INFO:: Функция get_all_pictures производит запрос к БД с целью извлечения данных.

23.08.2024 16:55:06 ::INFO:: Запрос к БД произведен успешно

23.08.2024 16:55:06 ::INFO:: Функция get_empty_picture производит запрос к БД с целью извлечения данных.

23.08.2024 16:55:06 ::INFO:: Запрос к БД произведен успешно

23.08.2024 16:55:06 ::INFO:: Запрос на URL "/static/scripts/manage.js".

23.08.2024 16:55:06 ::INFO:: Запрос на URL "/".

23.08.2024 16:55:06 ::INFO:: Функция get_all_pictures производит запрос к БД с целью извлечения данных.

23.08.2024 16:55:06 ::INFO:: Запрос к БД произведен успешно

23.08.2024 16:55:06 ::INFO:: Функция get_empty_picture производит запрос к БД с целью извлечения данных.

23.08.2024 16:55:06 ::INFO:: Запрос к БД произведен успешно

23.08.2024 16:55:34 ::INFO:: Запрос на URL "/static/scripts/bootstrap.js.map".

23.08.2024 16:55:34 ::INFO:: Запрос на URL "/static/scripts/bootstrap.bundle.js.map".

23.08.2024 16:55:38 ::INFO:: Запрос на URL "/".

23.08.2024 16:55:38 ::INFO:: Функция get_all_pictures производит запрос к БД с целью извлечения данных.

23.08.2024 16:55:38 ::INFO:: Запрос к БД произведен успешно

23.08.2024 16:55:38 ::INFO:: Функция get_empty_picture производит запрос к БД с целью извлечения данных.

23.08.2024 16:55:38 ::INFO:: Запрос к БД произведен успешно

23.08.2024 16:55:39 ::INFO:: Запрос на URL "/static/scripts/manage.js".

23.08.2024 16:55:39 ::INFO:: Запрос на URL "/".

23.08.2024 16:55:39 ::INFO:: Функция get_all_pictures производит запрос к БД с целью извлечения данных.

23.08.2024 16:55:39 ::INFO:: Запрос к БД произведен успешно

23.08.2024 16:55:39 ::INFO:: Функция get_empty_picture производит запрос к БД с целью извлечения данных.

23.08.2024 16:55:39 ::INFO:: Запрос к БД произведен успешно

23.08.2024 16:55:40 ::INFO:: Запрос на URL "/static/scripts/bootstrap.js.map".

23.08.2024 16:55:40 ::INFO:: Запрос на URL "/static/scripts/bootstrap.bundle.js.map".

23.08.2024 16:55:51 ::INFO:: Запрос на URL "/".

23.08.2024 16:55:51 ::INFO:: Функция get_all_pictures производит запрос к БД с целью извлечения данных.

23.08.2024 16:55:51 ::INFO:: Запрос к БД произведен успешно

23.08.2024 16:55:51 ::INFO:: Функция get_empty_picture производит запрос к БД с целью извлечения данных.

23.08.2024 16:55:51 ::INFO:: Запрос к БД произведен успешно

23.08.2024 16:55:51 ::INFO:: Запрос на URL "/static/scripts/manage.js".

23.08.2024 16:55:51 ::INFO:: Запрос на URL "/".

23.08.2024 16:55:51 ::INFO:: Функция get_all_pictures производит запрос к БД с целью извлечения данных.

23.08.2024 16:55:51 ::INFO:: Запрос к БД произведен успешно

23.08.2024 16:55:51 ::INFO:: Функция get_empty_picture производит запрос к БД с целью извлечения данных.

23.08.2024 16:55:51 ::INFO:: Запрос к БД произведен успешно

23.08.2024 16:56:18 ::INFO:: Запрос на URL "/predict" с передаваемыми данными b'{"up":[1,1,1,1,1,1,1,1,1,1,1,1,1,1],"down":[3,3,3,3,3,3,3,3,3,3,3,3,3,3]}'.

23.08.2024 16:56:18 ::INFO:: Функция get_ml_learned производит запрос к БД с целью извлечения данных.
В функцию переданы аргументы ('RandomForestClassifier',) {}.

23.08.2024 16:56:18 ::INFO:: Запрос к БД произведен успешно

23.08.2024 16:56:18 ::INFO:: Функция get_ml_learned производит запрос к БД с целью извлечения данных.
В функцию переданы аргументы ('DecisionTreeClassifier',) {}.

23.08.2024 16:56:18 ::INFO:: Запрос к БД произведен успешно

23.08.2024 16:56:18 ::INFO:: Функция get_img_bytes производит запрос к БД с целью извлечения данных.
В функцию переданы аргументы (1, 3) {}.

23.08.2024 16:56:18 ::INFO:: Запрос к БД произведен успешно

23.08.2024 16:56:36 ::INFO:: Запрос на URL "/".

23.08.2024 16:56:36 ::INFO:: Функция get_all_pictures производит запрос к БД с целью извлечения данных.

23.08.2024 16:56:36 ::INFO:: Запрос к БД произведен успешно

23.08.2024 16:56:36 ::INFO:: Функция get_empty_picture производит запрос к БД с целью извлечения данных.

23.08.2024 16:56:36 ::INFO:: Запрос к БД произведен успешно

23.08.2024 16:56:36 ::INFO:: Запрос на URL "/static/scripts/manage.js".

23.08.2024 16:56:37 ::INFO:: Запрос на URL "/".

23.08.2024 16:56:37 ::INFO:: Функция get_all_pictures производит запрос к БД с целью извлечения данных.

23.08.2024 16:56:37 ::INFO:: Запрос к БД произведен успешно

23.08.2024 16:56:37 ::INFO:: Функция get_empty_picture производит запрос к БД с целью извлечения данных.

23.08.2024 16:56:37 ::INFO:: Запрос к БД произведен успешно

23.08.2024 16:57:38 ::INFO:: Запрос на URL "/".

23.08.2024 16:57:38 ::INFO:: Функция get_all_pictures производит запрос к БД с целью извлечения данных.

23.08.2024 16:57:38 ::INFO:: Запрос к БД произведен успешно

23.08.2024 16:57:38 ::INFO:: Функция get_empty_picture производит запрос к БД с целью извлечения данных.

23.08.2024 16:57:38 ::INFO:: Запрос к БД произведен успешно

23.08.2024 16:57:38 ::INFO:: Запрос на URL "/static/scripts/manage.js".

23.08.2024 16:57:38 ::INFO:: Запрос на URL "/".

23.08.2024 16:57:38 ::INFO:: Функция get_all_pictures производит запрос к БД с целью извлечения данных.

23.08.2024 16:57:38 ::INFO:: Запрос к БД произведен успешно

23.08.2024 16:57:38 ::INFO:: Функция get_empty_picture производит запрос к БД с целью извлечения данных.

23.08.2024 16:57:38 ::INFO:: Запрос к БД произведен успешно

23.08.2024 16:58:22 ::INFO:: Запрос на URL "/".

23.08.2024 16:58:22 ::INFO:: Функция get_all_pictures производит запрос к БД с целью извлечения данных.

23.08.2024 16:58:22 ::INFO:: Запрос к БД произведен успешно

23.08.2024 16:58:22 ::INFO:: Функция get_empty_picture производит запрос к БД с целью извлечения данных.

23.08.2024 16:58:22 ::INFO:: Запрос к БД произведен успешно

23.08.2024 16:58:22 ::INFO:: Запрос на URL "/static/scripts/manage.js".

23.08.2024 16:58:22 ::INFO:: Запрос на URL "/".

23.08.2024 16:58:22 ::INFO:: Функция get_all_pictures производит запрос к БД с целью извлечения данных.

23.08.2024 16:58:22 ::INFO:: Запрос к БД произведен успешно

23.08.2024 16:58:22 ::INFO:: Функция get_empty_picture производит запрос к БД с целью извлечения данных.

23.08.2024 16:58:22 ::INFO:: Запрос к БД произведен успешно

23.08.2024 16:58:47 ::INFO:: Запрос на URL "/predict" с передаваемыми данными b'{"up":[0,0,0,0,0,0,0,0,0,0,0,0,0,0],"down":[3,3,3,3,3,3,3,3,3,3,3,3,3,3]}'.

23.08.2024 16:58:47 ::INFO:: Функция get_ml_learned производит запрос к БД с целью извлечения данных.
В функцию переданы аргументы ('RandomForestClassifier',) {}.

23.08.2024 16:58:47 ::INFO:: Запрос к БД произведен успешно

23.08.2024 16:58:47 ::INFO:: Функция get_ml_learned производит запрос к БД с целью извлечения данных.
В функцию переданы аргументы ('DecisionTreeClassifier',) {}.

23.08.2024 16:58:47 ::INFO:: Запрос к БД произведен успешно

23.08.2024 16:58:47 ::INFO:: Функция get_img_bytes производит запрос к БД с целью извлечения данных.
В функцию переданы аргументы (0, 3) {}.

23.08.2024 16:58:47 ::INFO:: Запрос к БД произведен успешно

23.08.2024 16:58:50 ::INFO:: Запрос на URL "/".

23.08.2024 16:58:50 ::INFO:: Функция get_all_pictures производит запрос к БД с целью извлечения данных.

23.08.2024 16:58:50 ::INFO:: Запрос к БД произведен успешно

23.08.2024 16:58:50 ::INFO:: Функция get_empty_picture производит запрос к БД с целью извлечения данных.

23.08.2024 16:58:50 ::INFO:: Запрос к БД произведен успешно

23.08.2024 16:58:50 ::INFO:: Запрос на URL "/static/scripts/manage.js".

23.08.2024 16:58:50 ::INFO:: Запрос на URL "/".

23.08.2024 16:58:50 ::INFO:: Функция get_all_pictures производит запрос к БД с целью извлечения данных.

23.08.2024 16:58:50 ::INFO:: Запрос к БД произведен успешно

23.08.2024 16:58:50 ::INFO:: Функция get_empty_picture производит запрос к БД с целью извлечения данных.

23.08.2024 16:58:50 ::INFO:: Запрос к БД произведен успешно

23.08.2024 16:59:16 ::INFO:: Запрос на URL "/".

23.08.2024 16:59:16 ::INFO:: Функция get_all_pictures производит запрос к БД с целью извлечения данных.

23.08.2024 16:59:16 ::INFO:: Запрос к БД произведен успешно

23.08.2024 16:59:16 ::INFO:: Функция get_empty_picture производит запрос к БД с целью извлечения данных.

23.08.2024 16:59:16 ::INFO:: Запрос к БД произведен успешно

23.08.2024 16:59:16 ::INFO:: Запрос на URL "/static/scripts/manage.js".

23.08.2024 16:59:16 ::INFO:: Запрос на URL "/".

23.08.2024 16:59:16 ::INFO:: Функция get_all_pictures производит запрос к БД с целью извлечения данных.

23.08.2024 16:59:16 ::INFO:: Запрос к БД произведен успешно

23.08.2024 16:59:16 ::INFO:: Функция get_empty_picture производит запрос к БД с целью извлечения данных.

23.08.2024 16:59:16 ::INFO:: Запрос к БД произведен успешно

23.08.2024 16:59:30 ::INFO:: Запрос на URL "/".

23.08.2024 16:59:30 ::INFO:: Функция get_all_pictures производит запрос к БД с целью извлечения данных.

23.08.2024 16:59:30 ::INFO:: Запрос к БД произведен успешно

23.08.2024 16:59:30 ::INFO:: Функция get_empty_picture производит запрос к БД с целью извлечения данных.

23.08.2024 16:59:30 ::INFO:: Запрос к БД произведен успешно

23.08.2024 16:59:30 ::INFO:: Запрос на URL "/static/scripts/manage.js".

23.08.2024 16:59:30 ::INFO:: Запрос на URL "/".

23.08.2024 16:59:30 ::INFO:: Функция get_all_pictures производит запрос к БД с целью извлечения данных.

23.08.2024 16:59:30 ::INFO:: Запрос к БД произведен успешно

23.08.2024 16:59:30 ::INFO:: Функция get_empty_picture производит запрос к БД с целью извлечения данных.

23.08.2024 16:59:30 ::INFO:: Запрос к БД произведен успешно

23.08.2024 17:00:14 ::INFO:: Запрос на URL "/".

23.08.2024 17:00:14 ::INFO:: Функция get_all_pictures производит запрос к БД с целью извлечения данных.

23.08.2024 17:00:14 ::INFO:: Запрос к БД произведен успешно

23.08.2024 17:00:14 ::INFO:: Функция get_empty_picture производит запрос к БД с целью извлечения данных.

23.08.2024 17:00:14 ::INFO:: Запрос к БД произведен успешно

23.08.2024 17:00:14 ::INFO:: Запрос на URL "/static/scripts/events.js".

23.08.2024 17:00:14 ::INFO:: Запрос на URL "/static/scripts/manage.js".

23.08.2024 17:00:14 ::INFO:: Запрос на URL "/".

23.08.2024 17:00:14 ::INFO:: Функция get_all_pictures производит запрос к БД с целью извлечения данных.

23.08.2024 17:00:14 ::INFO:: Запрос к БД произведен успешно

23.08.2024 17:00:14 ::INFO:: Функция get_empty_picture производит запрос к БД с целью извлечения данных.

23.08.2024 17:00:14 ::INFO:: Запрос к БД произведен успешно

23.08.2024 17:00:44 ::INFO:: Запрос на URL "/predict" с передаваемыми данными b'{"up":[1,1,1,1,1,1,1,1,1,1,1,1,1,1,1,1,1],"down":[3,3,3,3,3,3,3,3,3,3,3,3,3,3,3,3,3]}'.

23.08.2024 17:00:44 ::INFO:: Функция get_ml_learned производит запрос к БД с целью извлечения данных.
В функцию переданы аргументы ('RandomForestClassifier',) {}.

23.08.2024 17:00:44 ::INFO:: Запрос к БД произведен успешно

23.08.2024 17:00:44 ::INFO:: Функция get_ml_learned производит запрос к БД с целью извлечения данных.
В функцию переданы аргументы ('DecisionTreeClassifier',) {}.

23.08.2024 17:00:44 ::INFO:: Запрос к БД произведен успешно

23.08.2024 17:00:44 ::INFO:: Функция get_img_bytes производит запрос к БД с целью извлечения данных.
В функцию переданы аргументы (1, 3) {}.

23.08.2024 17:00:44 ::INFO:: Запрос к БД произведен успешно

23.08.2024 17:01:45 ::INFO:: Запрос на URL "/".

23.08.2024 17:01:45 ::INFO:: Функция get_all_pictures производит запрос к БД с целью извлечения данных.

23.08.2024 17:01:45 ::INFO:: Запрос к БД произведен успешно

23.08.2024 17:01:45 ::INFO:: Функция get_empty_picture производит запрос к БД с целью извлечения данных.

23.08.2024 17:01:45 ::INFO:: Запрос к БД произведен успешно

23.08.2024 17:01:45 ::INFO:: Запрос на URL "/static/scripts/manage.js".

23.08.2024 17:01:45 ::INFO:: Запрос на URL "/".

23.08.2024 17:01:45 ::INFO:: Функция get_all_pictures производит запрос к БД с целью извлечения данных.

23.08.2024 17:01:45 ::INFO:: Запрос к БД произведен успешно

23.08.2024 17:01:45 ::INFO:: Функция get_empty_picture производит запрос к БД с целью извлечения данных.

23.08.2024 17:01:45 ::INFO:: Запрос к БД произведен успешно

23.08.2024 17:02:15 ::INFO:: Запрос на URL "/predict" с передаваемыми данными b'{"up":[1,1,1,1,1,1,1,1,1,1,1,1,1,1,1,1,1],"down":[2,2,2,2,2,2,2,2,2,2,2,2,2,2,2,2,2]}'.

23.08.2024 17:02:15 ::INFO:: Функция get_ml_learned производит запрос к БД с целью извлечения данных.
В функцию переданы аргументы ('RandomForestClassifier',) {}.

23.08.2024 17:02:15 ::INFO:: Запрос к БД произведен успешно

23.08.2024 17:02:15 ::INFO:: Функция get_ml_learned производит запрос к БД с целью извлечения данных.
В функцию переданы аргументы ('DecisionTreeClassifier',) {}.

23.08.2024 17:02:15 ::INFO:: Запрос к БД произведен успешно

23.08.2024 17:02:15 ::INFO:: Функция get_img_bytes производит запрос к БД с целью извлечения данных.
В функцию переданы аргументы (1, 2) {}.

23.08.2024 17:02:15 ::INFO:: Запрос к БД произведен успешно

23.08.2024 17:02:35 ::INFO:: Запрос на URL "/".

23.08.2024 17:02:35 ::INFO:: Функция get_all_pictures производит запрос к БД с целью извлечения данных.

23.08.2024 17:02:35 ::INFO:: Запрос к БД произведен успешно

23.08.2024 17:02:35 ::INFO:: Функция get_empty_picture производит запрос к БД с целью извлечения данных.

23.08.2024 17:02:35 ::INFO:: Запрос к БД произведен успешно

23.08.2024 17:02:35 ::INFO:: Запрос на URL "/static/scripts/manage.js".

23.08.2024 17:02:35 ::INFO:: Запрос на URL "/".

23.08.2024 17:02:35 ::INFO:: Функция get_all_pictures производит запрос к БД с целью извлечения данных.

23.08.2024 17:02:35 ::INFO:: Запрос к БД произведен успешно

23.08.2024 17:02:35 ::INFO:: Функция get_empty_picture производит запрос к БД с целью извлечения данных.

23.08.2024 17:02:35 ::INFO:: Запрос к БД произведен успешно

23.08.2024 17:03:09 ::INFO:: Запрос на URL "/ordered_check" с передаваемыми данными b'{"up":[1,1,1,1,1,1,1,1,1,1,1,1,1,1,1,1,1,1],"down":[6,6,6,6,6,6,6,6,6,6,6,6,6,6,6,6,6,6]}'.

23.08.2024 17:03:09 ::INFO:: Функция get_ml_learned производит запрос к БД с целью извлечения данных.
В функцию переданы аргументы ('RandomForestClassifier',) {}.

23.08.2024 17:03:10 ::INFO:: Запрос к БД произведен успешно

23.08.2024 17:03:10 ::INFO:: Функция get_ml_learned производит запрос к БД с целью извлечения данных.
В функцию переданы аргументы ('DecisionTreeClassifier',) {}.

23.08.2024 17:03:10 ::INFO:: Запрос к БД произведен успешно

23.08.2024 17:03:24 ::INFO:: Запрос на URL "/".

23.08.2024 17:03:24 ::INFO:: Функция get_all_pictures производит запрос к БД с целью извлечения данных.

23.08.2024 17:03:24 ::INFO:: Запрос к БД произведен успешно

23.08.2024 17:03:24 ::INFO:: Функция get_empty_picture производит запрос к БД с целью извлечения данных.

23.08.2024 17:03:24 ::INFO:: Запрос к БД произведен успешно

23.08.2024 17:03:24 ::INFO:: Запрос на URL "/static/scripts/manage.js".

23.08.2024 17:03:24 ::INFO:: Запрос на URL "/".

23.08.2024 17:03:24 ::INFO:: Функция get_all_pictures производит запрос к БД с целью извлечения данных.

23.08.2024 17:03:24 ::INFO:: Запрос к БД произведен успешно

23.08.2024 17:03:24 ::INFO:: Функция get_empty_picture производит запрос к БД с целью извлечения данных.

23.08.2024 17:03:24 ::INFO:: Запрос к БД произведен успешно

23.08.2024 17:03:54 ::INFO:: Запрос на URL "/predict" с передаваемыми данными b'{"up":[0,1,1,1,1,1,1,1,1,1,1,1,1,1,1,1,1],"down":[6,2,2,2,2,2,2,2,2,2,2,2,2,2,2,2,2]}'.

23.08.2024 17:03:54 ::INFO:: Функция get_ml_learned производит запрос к БД с целью извлечения данных.
В функцию переданы аргументы ('RandomForestClassifier',) {}.

23.08.2024 17:03:54 ::INFO:: Запрос к БД произведен успешно

23.08.2024 17:03:54 ::INFO:: Функция get_ml_learned производит запрос к БД с целью извлечения данных.
В функцию переданы аргументы ('DecisionTreeClassifier',) {}.

23.08.2024 17:03:54 ::INFO:: Запрос к БД произведен успешно

23.08.2024 17:03:54 ::INFO:: Функция get_img_bytes производит запрос к БД с целью извлечения данных.
В функцию переданы аргументы (1, 2) {}.

23.08.2024 17:03:54 ::INFO:: Запрос к БД произведен успешно

23.08.2024 17:04:27 ::INFO:: Запрос на URL "/".

23.08.2024 17:04:27 ::INFO:: Функция get_all_pictures производит запрос к БД с целью извлечения данных.

23.08.2024 17:04:27 ::INFO:: Запрос к БД произведен успешно

23.08.2024 17:04:27 ::INFO:: Функция get_empty_picture производит запрос к БД с целью извлечения данных.

23.08.2024 17:04:27 ::INFO:: Запрос к БД произведен успешно

23.08.2024 17:04:27 ::INFO:: Запрос на URL "/static/scripts/manage.js".

23.08.2024 17:04:27 ::INFO:: Запрос на URL "/".

23.08.2024 17:04:27 ::INFO:: Функция get_all_pictures производит запрос к БД с целью извлечения данных.

23.08.2024 17:04:27 ::INFO:: Запрос к БД произведен успешно

23.08.2024 17:04:27 ::INFO:: Функция get_empty_picture производит запрос к БД с целью извлечения данных.

23.08.2024 17:04:27 ::INFO:: Запрос к БД произведен успешно

23.08.2024 17:05:01 ::INFO:: Запрос на URL "/predict" с передаваемыми данными b'{"up":[3,3,3,3,3,3,3,3,3,3,3,3,3,3,3,3,3],"down":[1,1,1,1,1,1,1,1,1,1,1,1,1,1,1,1,1]}'.

23.08.2024 17:05:01 ::INFO:: Функция get_ml_learned производит запрос к БД с целью извлечения данных.
В функцию переданы аргументы ('RandomForestClassifier',) {}.

23.08.2024 17:05:01 ::INFO:: Запрос к БД произведен успешно

23.08.2024 17:05:01 ::INFO:: Функция get_ml_learned производит запрос к БД с целью извлечения данных.
В функцию переданы аргументы ('DecisionTreeClassifier',) {}.

23.08.2024 17:05:01 ::INFO:: Запрос к БД произведен успешно

23.08.2024 17:05:01 ::INFO:: Функция get_img_bytes производит запрос к БД с целью извлечения данных.
В функцию переданы аргументы (3, 1) {}.

23.08.2024 17:05:01 ::INFO:: Запрос к БД произведен успешно

23.08.2024 17:05:16 ::INFO:: Запрос на URL "/".

23.08.2024 17:05:16 ::INFO:: Функция get_all_pictures производит запрос к БД с целью извлечения данных.

23.08.2024 17:05:16 ::INFO:: Запрос к БД произведен успешно

23.08.2024 17:05:16 ::INFO:: Функция get_empty_picture производит запрос к БД с целью извлечения данных.

23.08.2024 17:05:16 ::INFO:: Запрос к БД произведен успешно

23.08.2024 17:05:16 ::INFO:: Запрос на URL "/static/scripts/manage.js".

23.08.2024 17:05:16 ::INFO:: Запрос на URL "/".

23.08.2024 17:05:16 ::INFO:: Функция get_all_pictures производит запрос к БД с целью извлечения данных.

23.08.2024 17:05:16 ::INFO:: Запрос к БД произведен успешно

23.08.2024 17:05:16 ::INFO:: Функция get_empty_picture производит запрос к БД с целью извлечения данных.

23.08.2024 17:05:16 ::INFO:: Запрос к БД произведен успешно

23.08.2024 17:05:25 ::INFO:: Запрос на URL "/".

23.08.2024 17:05:25 ::INFO:: Функция get_all_pictures производит запрос к БД с целью извлечения данных.

23.08.2024 17:05:25 ::INFO:: Запрос к БД произведен успешно

23.08.2024 17:05:25 ::INFO:: Функция get_empty_picture производит запрос к БД с целью извлечения данных.

23.08.2024 17:05:25 ::INFO:: Запрос к БД произведен успешно

23.08.2024 17:05:25 ::INFO:: Запрос на URL "/static/CSS/index.css".

23.08.2024 17:05:25 ::INFO:: Запрос на URL "/static/scripts/jquery-3.6.4.min.js".

23.08.2024 17:05:25 ::INFO:: Запрос на URL "/static/scripts/ajaxJSON.js".

23.08.2024 17:05:25 ::INFO:: Запрос на URL "/static/scripts/bootstrap.js".

23.08.2024 17:05:25 ::INFO:: Запрос на URL "/static/scripts/bootstrap.bundle.js".

23.08.2024 17:05:25 ::INFO:: Запрос на URL "/static/scripts/events.js".

23.08.2024 17:05:25 ::INFO:: Запрос на URL "/static/scripts/manage.js".

23.08.2024 17:05:25 ::INFO:: Запрос на URL "/static/images/back.png".

23.08.2024 17:05:25 ::INFO:: Запрос на URL "/static/images/clean.png".

23.08.2024 17:05:25 ::INFO:: Запрос на URL "/".

23.08.2024 17:05:25 ::INFO:: Функция get_all_pictures производит запрос к БД с целью извлечения данных.

23.08.2024 17:05:25 ::INFO:: Запрос к БД произведен успешно

23.08.2024 17:05:25 ::INFO:: Функция get_empty_picture производит запрос к БД с целью извлечения данных.

23.08.2024 17:05:25 ::INFO:: Запрос к БД произведен успешно

23.08.2024 17:05:38 ::INFO:: Запрос на URL "/".

23.08.2024 17:05:38 ::INFO:: Функция get_all_pictures производит запрос к БД с целью извлечения данных.

23.08.2024 17:05:38 ::INFO:: Запрос к БД произведен успешно

23.08.2024 17:05:38 ::INFO:: Функция get_empty_picture производит запрос к БД с целью извлечения данных.

23.08.2024 17:05:38 ::INFO:: Запрос к БД произведен успешно

23.08.2024 17:05:38 ::INFO:: Запрос на URL "/static/scripts/manage.js".

23.08.2024 17:05:38 ::INFO:: Запрос на URL "/".

23.08.2024 17:05:38 ::INFO:: Функция get_all_pictures производит запрос к БД с целью извлечения данных.

23.08.2024 17:05:38 ::INFO:: Запрос к БД произведен успешно

23.08.2024 17:05:38 ::INFO:: Функция get_empty_picture производит запрос к БД с целью извлечения данных.

23.08.2024 17:05:38 ::INFO:: Запрос к БД произведен успешно

23.08.2024 17:06:35 ::INFO:: Запрос на URL "/".

23.08.2024 17:06:35 ::INFO:: Функция get_all_pictures производит запрос к БД с целью извлечения данных.

23.08.2024 17:06:35 ::INFO:: Запрос к БД произведен успешно

23.08.2024 17:06:35 ::INFO:: Функция get_empty_picture производит запрос к БД с целью извлечения данных.

23.08.2024 17:06:35 ::INFO:: Запрос к БД произведен успешно

23.08.2024 17:06:35 ::INFO:: Запрос на URL "/static/scripts/manage.js".

23.08.2024 17:06:35 ::INFO:: Запрос на URL "/".

23.08.2024 17:06:35 ::INFO:: Функция get_all_pictures производит запрос к БД с целью извлечения данных.

23.08.2024 17:06:35 ::INFO:: Запрос к БД произведен успешно

23.08.2024 17:06:35 ::INFO:: Функция get_empty_picture производит запрос к БД с целью извлечения данных.

23.08.2024 17:06:35 ::INFO:: Запрос к БД произведен успешно

23.08.2024 17:07:06 ::INFO:: Запрос на URL "/predict" с передаваемыми данными b'{"up":[1,1,1,1,1,1,1,1,1,1,1,1,1,1,1,1,1],"down":[1,1,1,1,1,1,1,1,1,1,1,1,1,1,1,1,1]}'.

23.08.2024 17:07:06 ::INFO:: Функция get_ml_learned производит запрос к БД с целью извлечения данных.
В функцию переданы аргументы ('RandomForestClassifier',) {}.

23.08.2024 17:07:06 ::INFO:: Запрос к БД произведен успешно

23.08.2024 17:07:06 ::INFO:: Функция get_ml_learned производит запрос к БД с целью извлечения данных.
В функцию переданы аргументы ('DecisionTreeClassifier',) {}.

23.08.2024 17:07:06 ::INFO:: Запрос к БД произведен успешно

23.08.2024 17:07:06 ::INFO:: Функция get_img_bytes производит запрос к БД с целью извлечения данных.
В функцию переданы аргументы (1, 1) {}.

23.08.2024 17:07:06 ::INFO:: Запрос к БД произведен успешно

23.08.2024 17:07:09 ::INFO:: Запрос на URL "/".

23.08.2024 17:07:09 ::INFO:: Функция get_all_pictures производит запрос к БД с целью извлечения данных.

23.08.2024 17:07:09 ::INFO:: Запрос к БД произведен успешно

23.08.2024 17:07:09 ::INFO:: Функция get_empty_picture производит запрос к БД с целью извлечения данных.

23.08.2024 17:07:09 ::INFO:: Запрос к БД произведен успешно

23.08.2024 17:07:09 ::INFO:: Запрос на URL "/static/scripts/manage.js".

23.08.2024 17:07:09 ::INFO:: Запрос на URL "/".

23.08.2024 17:07:09 ::INFO:: Функция get_all_pictures производит запрос к БД с целью извлечения данных.

23.08.2024 17:07:09 ::INFO:: Запрос к БД произведен успешно

23.08.2024 17:07:09 ::INFO:: Функция get_empty_picture производит запрос к БД с целью извлечения данных.

23.08.2024 17:07:09 ::INFO:: Запрос к БД произведен успешно

23.08.2024 17:07:32 ::INFO:: Запрос на URL "/predict" с передаваемыми данными b'{"up":[0,0,0,0,0,0,0,0,0,0,0,0,0,0],"down":[6,6,6,6,6,6,6,6,6,6,6,6,6,6]}'.

23.08.2024 17:07:32 ::INFO:: Функция get_ml_learned производит запрос к БД с целью извлечения данных.
В функцию переданы аргументы ('RandomForestClassifier',) {}.

23.08.2024 17:07:32 ::INFO:: Запрос к БД произведен успешно

23.08.2024 17:07:32 ::INFO:: Функция get_ml_learned производит запрос к БД с целью извлечения данных.
В функцию переданы аргументы ('DecisionTreeClassifier',) {}.

23.08.2024 17:07:32 ::INFO:: Запрос к БД произведен успешно

23.08.2024 17:07:32 ::INFO:: Функция get_img_bytes производит запрос к БД с целью извлечения данных.
В функцию переданы аргументы (0, 6) {}.

23.08.2024 17:07:32 ::INFO:: Запрос к БД произведен успешно

23.08.2024 17:08:21 ::INFO:: Запрос на URL "/".

23.08.2024 17:08:21 ::INFO:: Функция get_all_pictures производит запрос к БД с целью извлечения данных.

23.08.2024 17:08:21 ::INFO:: Запрос к БД произведен успешно

23.08.2024 17:08:21 ::INFO:: Функция get_empty_picture производит запрос к БД с целью извлечения данных.

23.08.2024 17:08:21 ::INFO:: Запрос к БД произведен успешно

23.08.2024 17:08:21 ::INFO:: Запрос на URL "/static/scripts/manage.js".

23.08.2024 17:08:21 ::INFO:: Запрос на URL "/".

23.08.2024 17:08:21 ::INFO:: Функция get_all_pictures производит запрос к БД с целью извлечения данных.

23.08.2024 17:08:21 ::INFO:: Запрос к БД произведен успешно

23.08.2024 17:08:21 ::INFO:: Функция get_empty_picture производит запрос к БД с целью извлечения данных.

23.08.2024 17:08:21 ::INFO:: Запрос к БД произведен успешно

23.08.2024 17:08:49 ::INFO:: Запрос на URL "/static/scripts/bootstrap.js.map".

23.08.2024 17:08:49 ::INFO:: Запрос на URL "/static/scripts/bootstrap.bundle.js.map".

23.08.2024 17:11:02 ::INFO:: Запрос на URL "/".

23.08.2024 17:11:02 ::INFO:: Функция get_all_pictures производит запрос к БД с целью извлечения данных.

23.08.2024 17:11:02 ::INFO:: Запрос к БД произведен успешно

23.08.2024 17:11:02 ::INFO:: Функция get_empty_picture производит запрос к БД с целью извлечения данных.

23.08.2024 17:11:02 ::INFO:: Запрос к БД произведен успешно

23.08.2024 17:11:02 ::INFO:: Запрос на URL "/static/scripts/manage.js".

23.08.2024 17:11:02 ::INFO:: Запрос на URL "/".

23.08.2024 17:11:02 ::INFO:: Функция get_all_pictures производит запрос к БД с целью извлечения данных.

23.08.2024 17:11:02 ::INFO:: Запрос к БД произведен успешно

23.08.2024 17:11:02 ::INFO:: Функция get_empty_picture производит запрос к БД с целью извлечения данных.

23.08.2024 17:11:02 ::INFO:: Запрос к БД произведен успешно

23.08.2024 17:11:28 ::INFO:: Запрос на URL "/predict" с передаваемыми данными b'{"up":[0,0,0,0,0,0,0,0,0,0,0,0,0,0],"down":[6,6,6,6,6,6,6,6,6,6,6,6,6,6]}'.

23.08.2024 17:11:28 ::INFO:: Функция get_ml_learned производит запрос к БД с целью извлечения данных.
В функцию переданы аргументы ('RandomForestClassifier',) {}.

23.08.2024 17:11:28 ::INFO:: Запрос к БД произведен успешно

23.08.2024 17:11:28 ::INFO:: Функция get_ml_learned производит запрос к БД с целью извлечения данных.
В функцию переданы аргументы ('DecisionTreeClassifier',) {}.

23.08.2024 17:11:28 ::INFO:: Запрос к БД произведен успешно

23.08.2024 17:11:28 ::INFO:: Функция get_img_bytes производит запрос к БД с целью извлечения данных.
В функцию переданы аргументы (0, 6) {}.

23.08.2024 17:11:28 ::INFO:: Запрос к БД произведен успешно

23.08.2024 17:12:03 ::INFO:: Запрос на URL "/".

23.08.2024 17:12:03 ::INFO:: Функция get_all_pictures производит запрос к БД с целью извлечения данных.

23.08.2024 17:12:03 ::INFO:: Запрос к БД произведен успешно

23.08.2024 17:12:03 ::INFO:: Функция get_empty_picture производит запрос к БД с целью извлечения данных.

23.08.2024 17:12:03 ::INFO:: Запрос к БД произведен успешно

23.08.2024 17:12:03 ::INFO:: Запрос на URL "/static/scripts/manage.js".

23.08.2024 17:12:04 ::INFO:: Запрос на URL "/".

23.08.2024 17:12:04 ::INFO:: Функция get_all_pictures производит запрос к БД с целью извлечения данных.

23.08.2024 17:12:04 ::INFO:: Запрос к БД произведен успешно

23.08.2024 17:12:04 ::INFO:: Функция get_empty_picture производит запрос к БД с целью извлечения данных.

23.08.2024 17:12:04 ::INFO:: Запрос к БД произведен успешно

23.08.2024 17:12:26 ::INFO:: Запрос на URL "/".

23.08.2024 17:12:26 ::INFO:: Функция get_all_pictures производит запрос к БД с целью извлечения данных.

23.08.2024 17:12:26 ::INFO:: Запрос к БД произведен успешно

23.08.2024 17:12:26 ::INFO:: Функция get_empty_picture производит запрос к БД с целью извлечения данных.

23.08.2024 17:12:26 ::INFO:: Запрос к БД произведен успешно

23.08.2024 17:12:26 ::INFO:: Запрос на URL "/static/scripts/manage.js".

23.08.2024 17:12:26 ::INFO:: Запрос на URL "/".

23.08.2024 17:12:26 ::INFO:: Функция get_all_pictures производит запрос к БД с целью извлечения данных.

23.08.2024 17:12:26 ::INFO:: Запрос к БД произведен успешно

23.08.2024 17:12:26 ::INFO:: Функция get_empty_picture производит запрос к БД с целью извлечения данных.

23.08.2024 17:12:26 ::INFO:: Запрос к БД произведен успешно

23.08.2024 17:12:55 ::INFO:: Запрос на URL "/predict" с передаваемыми данными b'{"up":[1,1,1,1,1,1,1,1,1,1,1,1,1,1,1,1,1],"down":[0,0,0,0,0,0,0,0,0,0,0,0,0,0,0,0,0]}'.

23.08.2024 17:12:55 ::INFO:: Функция get_ml_learned производит запрос к БД с целью извлечения данных.
В функцию переданы аргументы ('RandomForestClassifier',) {}.

23.08.2024 17:12:55 ::INFO:: Запрос к БД произведен успешно

23.08.2024 17:12:56 ::INFO:: Функция get_ml_learned производит запрос к БД с целью извлечения данных.
В функцию переданы аргументы ('DecisionTreeClassifier',) {}.

23.08.2024 17:12:56 ::INFO:: Запрос к БД произведен успешно

23.08.2024 17:12:56 ::INFO:: Функция get_img_bytes производит запрос к БД с целью извлечения данных.
В функцию переданы аргументы (1, 0) {}.

23.08.2024 17:12:56 ::INFO:: Запрос к БД произведен успешно

23.08.2024 17:13:31 ::INFO:: Запрос на URL "/".

23.08.2024 17:13:31 ::INFO:: Функция get_all_pictures производит запрос к БД с целью извлечения данных.

23.08.2024 17:13:31 ::INFO:: Запрос к БД произведен успешно

23.08.2024 17:13:31 ::INFO:: Функция get_empty_picture производит запрос к БД с целью извлечения данных.

23.08.2024 17:13:31 ::INFO:: Запрос к БД произведен успешно

23.08.2024 17:13:31 ::INFO:: Запрос на URL "/static/scripts/events.js".

23.08.2024 17:13:31 ::INFO:: Запрос на URL "/static/scripts/manage.js".

23.08.2024 17:13:31 ::INFO:: Запрос на URL "/".

23.08.2024 17:13:31 ::INFO:: Функция get_all_pictures производит запрос к БД с целью извлечения данных.

23.08.2024 17:13:31 ::INFO:: Запрос к БД произведен успешно

23.08.2024 17:13:31 ::INFO:: Функция get_empty_picture производит запрос к БД с целью извлечения данных.

23.08.2024 17:13:31 ::INFO:: Запрос к БД произведен успешно

23.08.2024 17:13:59 ::INFO:: Запрос на URL "/".

23.08.2024 17:13:59 ::INFO:: Функция get_all_pictures производит запрос к БД с целью извлечения данных.

23.08.2024 17:13:59 ::INFO:: Запрос к БД произведен успешно

23.08.2024 17:13:59 ::INFO:: Функция get_empty_picture производит запрос к БД с целью извлечения данных.

23.08.2024 17:13:59 ::INFO:: Запрос к БД произведен успешно

23.08.2024 17:13:59 ::INFO:: Запрос на URL "/static/scripts/manage.js".

23.08.2024 17:13:59 ::INFO:: Запрос на URL "/".

23.08.2024 17:13:59 ::INFO:: Функция get_all_pictures производит запрос к БД с целью извлечения данных.

23.08.2024 17:13:59 ::INFO:: Запрос к БД произведен успешно

23.08.2024 17:13:59 ::INFO:: Функция get_empty_picture производит запрос к БД с целью извлечения данных.

23.08.2024 17:13:59 ::INFO:: Запрос к БД произведен успешно

23.08.2024 17:14:30 ::INFO:: Запрос на URL "/predict" с передаваемыми данными b'{"up":[0,0,0,0,0,0,0,0,0,0,0,0,0,0],"down":[5,5,5,5,5,5,5,5,5,5,5,5,5,5]}'.

23.08.2024 17:14:30 ::INFO:: Функция get_ml_learned производит запрос к БД с целью извлечения данных.
В функцию переданы аргументы ('RandomForestClassifier',) {}.

23.08.2024 17:14:30 ::INFO:: Запрос к БД произведен успешно

23.08.2024 17:14:30 ::INFO:: Функция get_ml_learned производит запрос к БД с целью извлечения данных.
В функцию переданы аргументы ('DecisionTreeClassifier',) {}.

23.08.2024 17:14:30 ::INFO:: Запрос к БД произведен успешно

23.08.2024 17:14:30 ::INFO:: Функция get_img_bytes производит запрос к БД с целью извлечения данных.
В функцию переданы аргументы (0, 5) {}.

23.08.2024 17:14:30 ::INFO:: Запрос к БД произведен успешно

23.08.2024 17:15:03 ::INFO:: Запрос на URL "/".

23.08.2024 17:15:03 ::INFO:: Функция get_all_pictures производит запрос к БД с целью извлечения данных.

23.08.2024 17:15:03 ::INFO:: Запрос к БД произведен успешно

23.08.2024 17:15:03 ::INFO:: Функция get_empty_picture производит запрос к БД с целью извлечения данных.

23.08.2024 17:15:03 ::INFO:: Запрос к БД произведен успешно

23.08.2024 17:15:03 ::INFO:: Запрос на URL "/static/scripts/manage.js".

23.08.2024 17:15:03 ::INFO:: Запрос на URL "/".

23.08.2024 17:15:03 ::INFO:: Функция get_all_pictures производит запрос к БД с целью извлечения данных.

23.08.2024 17:15:03 ::INFO:: Запрос к БД произведен успешно

23.08.2024 17:15:03 ::INFO:: Функция get_empty_picture производит запрос к БД с целью извлечения данных.

23.08.2024 17:15:03 ::INFO:: Запрос к БД произведен успешно

23.08.2024 17:15:31 ::INFO:: Запрос на URL "/predict" с передаваемыми данными b'{"up":[0,0,0,0,0,0,0,0,0,0,0,0,0,0],"down":[6,6,6,6,6,6,6,6,6,6,6,6,6,6]}'.

23.08.2024 17:15:31 ::INFO:: Функция get_ml_learned производит запрос к БД с целью извлечения данных.
В функцию переданы аргументы ('RandomForestClassifier',) {}.

23.08.2024 17:15:31 ::INFO:: Запрос к БД произведен успешно

23.08.2024 17:15:31 ::INFO:: Функция get_ml_learned производит запрос к БД с целью извлечения данных.
В функцию переданы аргументы ('DecisionTreeClassifier',) {}.

23.08.2024 17:15:31 ::INFO:: Запрос к БД произведен успешно

23.08.2024 17:15:31 ::INFO:: Функция get_img_bytes производит запрос к БД с целью извлечения данных.
В функцию переданы аргументы (0, 6) {}.

23.08.2024 17:15:31 ::INFO:: Запрос к БД произведен успешно

23.08.2024 17:15:42 ::INFO:: Запрос на URL "/".

23.08.2024 17:15:42 ::INFO:: Функция get_all_pictures производит запрос к БД с целью извлечения данных.

23.08.2024 17:15:43 ::INFO:: Запрос к БД произведен успешно

23.08.2024 17:15:43 ::INFO:: Функция get_empty_picture производит запрос к БД с целью извлечения данных.

23.08.2024 17:15:43 ::INFO:: Запрос к БД произведен успешно

23.08.2024 17:15:43 ::INFO:: Запрос на URL "/static/scripts/manage.js".

23.08.2024 17:15:43 ::INFO:: Запрос на URL "/".

23.08.2024 17:15:43 ::INFO:: Функция get_all_pictures производит запрос к БД с целью извлечения данных.

23.08.2024 17:15:43 ::INFO:: Запрос к БД произведен успешно

23.08.2024 17:15:43 ::INFO:: Функция get_empty_picture производит запрос к БД с целью извлечения данных.

23.08.2024 17:15:43 ::INFO:: Запрос к БД произведен успешно

23.08.2024 17:16:08 ::INFO:: Запрос на URL "/predict" с передаваемыми данными b'{"up":[0,0,0,0,0,0,0,0,0,0,0,0,0,0],"down":[5,5,5,5,5,5,5,5,5,5,5,5,5,5]}'.

23.08.2024 17:16:08 ::INFO:: Функция get_ml_learned производит запрос к БД с целью извлечения данных.
В функцию переданы аргументы ('RandomForestClassifier',) {}.

23.08.2024 17:16:08 ::INFO:: Запрос к БД произведен успешно

23.08.2024 17:16:08 ::INFO:: Функция get_ml_learned производит запрос к БД с целью извлечения данных.
В функцию переданы аргументы ('DecisionTreeClassifier',) {}.

23.08.2024 17:16:08 ::INFO:: Запрос к БД произведен успешно

23.08.2024 17:16:08 ::INFO:: Функция get_img_bytes производит запрос к БД с целью извлечения данных.
В функцию переданы аргументы (0, 5) {}.

23.08.2024 17:16:08 ::INFO:: Запрос к БД произведен успешно

23.08.2024 17:17:40 ::INFO:: Запрос на URL "/".

23.08.2024 17:17:40 ::INFO:: Функция get_all_pictures производит запрос к БД с целью извлечения данных.

23.08.2024 17:17:40 ::INFO:: Запрос к БД произведен успешно

23.08.2024 17:17:40 ::INFO:: Функция get_empty_picture производит запрос к БД с целью извлечения данных.

23.08.2024 17:17:40 ::INFO:: Запрос к БД произведен успешно

23.08.2024 17:17:40 ::INFO:: Запрос на URL "/static/scripts/manage.js".

23.08.2024 17:17:40 ::INFO:: Запрос на URL "/".

23.08.2024 17:17:40 ::INFO:: Функция get_all_pictures производит запрос к БД с целью извлечения данных.

23.08.2024 17:17:40 ::INFO:: Запрос к БД произведен успешно

23.08.2024 17:17:40 ::INFO:: Функция get_empty_picture производит запрос к БД с целью извлечения данных.

23.08.2024 17:17:40 ::INFO:: Запрос к БД произведен успешно

23.08.2024 17:18:12 ::INFO:: Запрос на URL "/ordered_check" с передаваемыми данными b'{"up":[0,0,0,0,0,0,0,0,0,0,0,0,0,0,0,0,0,0],"down":[6,6,6,6,6,6,6,6,6,6,6,6,6,6,6,6,6,6]}'.

23.08.2024 17:18:12 ::INFO:: Функция get_ml_learned производит запрос к БД с целью извлечения данных.
В функцию переданы аргументы ('RandomForestClassifier',) {}.

23.08.2024 17:18:12 ::INFO:: Запрос к БД произведен успешно

23.08.2024 17:18:12 ::INFO:: Функция get_ml_learned производит запрос к БД с целью извлечения данных.
В функцию переданы аргументы ('DecisionTreeClassifier',) {}.

23.08.2024 17:18:12 ::INFO:: Запрос к БД произведен успешно

